生成启动时间为 2020/4/29 21:52:14。
     1>项目“D:\文件\编程代码存储路径\VS2010\项目开发\五子棋Ver3.0\五子棋Ver3.0.vcxproj”在节点 2 上(build 个目标)。
     1>InitializeBuildStatus:
         正在创建“Debug\五子棋Ver3.0.unsuccessfulbuild”，因为已指定“AlwaysCreate”。
       ClCompile:
         d:\程序\VS2010\VC\bin\CL.exe /c /ZI /nologo /W3 /WX- /Od /Oy- /D _UNICODE /D UNICODE /Gm /EHsc /RTC1 /MDd /GS /fp:precise /Zc:wchar_t /Zc:forScope /Fo"Debug\\" /Fd"Debug\vc100.pdb" /Gd /TP /analyze- /errorReport:prompt main.cpp
         main.cpp
     1>c:\program files (x86)\microsoft sdks\windows\v7.0a\include\wingdi.h(112): warning C4005: “ERROR”: 宏重定义
                 d:\文件\编程代码存储路径\vs2010\项目开发\五子棋ver3.0\map.h(14) : 参见“ERROR”的前一个定义
       Link:
         d:\程序\VS2010\VC\bin\link.exe /ERRORREPORT:PROMPT /OUT:"D:\文件\编程代码存储路径\VS2010\项目开发\五子棋Ver3.0\Debug\五子棋Ver3.0.exe" /NOLOGO kernel32.lib user32.lib gdi32.lib winspool.lib comdlg32.lib advapi32.lib shell32.lib ole32.lib oleaut32.lib uuid.lib odbc32.lib odbccp32.lib /MANIFEST /ManifestFile:"Debug\五子棋Ver3.0.exe.intermediate.manifest" /MANIFESTUAC:"level='asInvoker' uiAccess='false'" /DEBUG /PDB:"D:\文件\编程代码存储路径\VS2010\项目开发\五子棋Ver3.0\Debug\五子棋Ver3.0.pdb" /TLBID:1 /DYNAMICBASE /NXCOMPAT /IMPLIB:"D:\文件\编程代码存储路径\VS2010\项目开发\五子棋Ver3.0\Debug\五子棋Ver3.0.lib" /MACHINE:X86 Debug\ChessRobot.obj
         Debug\Draw.obj
         Debug\main.obj
         Debug\Map.obj
         LINK : 没有找到 D:\文件\编程代码存储路径\VS2010\项目开发\五子棋Ver3.0\Debug\五子棋Ver3.0.exe 或上一个增量链接没有生成它；正在执行完全链接
         五子棋Ver3.0.vcxproj -> D:\文件\编程代码存储路径\VS2010\项目开发\五子棋Ver3.0\Debug\五子棋Ver3.0.exe
       Manifest:
         C:\Program Files (x86)\Microsoft SDKs\Windows\v7.0A\bin\mt.exe /nologo /verbose /outputresource:"D:\文件\编程代码存储路径\VS2010\项目开发\五子棋Ver3.0\Debug\五子棋Ver3.0.exe;#1" /manifest "Debug\五子棋Ver3.0.exe.intermediate.manifest"
       FinalizeBuildStatus:
         正在删除文件“Debug\五子棋Ver3.0.unsuccessfulbuild”。
         正在对“Debug\五子棋Ver3.0.lastbuildstate”执行 Touch 任务。
     1>已完成生成项目“D:\文件\编程代码存储路径\VS2010\项目开发\五子棋Ver3.0\五子棋Ver3.0.vcxproj”(build 个目标)的操作。

生成成功。

已用时间 00:00:01.82
