D:\文件\编程代码存储路径\VS2010\项目开发\五子棋VER3.0\DEBUG\CHESSROBOT.OBJ
D:\文件\编程代码存储路径\VS2010\项目开发\五子棋Ver3.0\Debug\cl.command.1.tlog
D:\文件\编程代码存储路径\VS2010\项目开发\五子棋Ver3.0\Debug\CL.read.1.tlog
D:\文件\编程代码存储路径\VS2010\项目开发\五子棋Ver3.0\Debug\CL.write.1.tlog
D:\文件\编程代码存储路径\VS2010\项目开发\五子棋VER3.0\DEBUG\DRAW.OBJ
D:\文件\编程代码存储路径\VS2010\项目开发\五子棋Ver3.0\Debug\link.command.1.tlog
D:\文件\编程代码存储路径\VS2010\项目开发\五子棋Ver3.0\Debug\link.read.1.tlog
D:\文件\编程代码存储路径\VS2010\项目开发\五子棋Ver3.0\Debug\link.write.1.tlog
D:\文件\编程代码存储路径\VS2010\项目开发\五子棋VER3.0\DEBUG\MAIN.OBJ
D:\文件\编程代码存储路径\VS2010\项目开发\五子棋VER3.0\DEBUG\MAP.OBJ
D:\文件\编程代码存储路径\VS2010\项目开发\五子棋Ver3.0\Debug\mt.command.1.tlog
D:\文件\编程代码存储路径\VS2010\项目开发\五子棋Ver3.0\Debug\mt.read.1.tlog
D:\文件\编程代码存储路径\VS2010\项目开发\五子棋Ver3.0\Debug\mt.write.1.tlog
D:\文件\编程代码存储路径\VS2010\项目开发\五子棋Ver3.0\Debug\vc100.idb
D:\文件\编程代码存储路径\VS2010\项目开发\五子棋VER3.0\DEBUG\VC100.PDB
D:\文件\编程代码存储路径\VS2010\项目开发\五子棋VER3.0\DEBUG\五子棋VER3.0.EXE
D:\文件\编程代码存储路径\VS2010\项目开发\五子棋VER3.0\DEBUG\五子棋VER3.0.EXE.INTERMEDIATE.MANIFEST
D:\文件\编程代码存储路径\VS2010\项目开发\五子棋VER3.0\DEBUG\五子棋VER3.0.ILK
D:\文件\编程代码存储路径\VS2010\项目开发\五子棋VER3.0\DEBUG\五子棋VER3.0.PDB
D:\文件\编程代码存储路径\VS2010\项目开发\五子棋Ver3.0\Debug\五子棋Ver3.0.vcxprojResolveAssemblyReference.cache
D:\文件\编程代码存储路径\VS2010\项目开发\五子棋Ver3.0\Debug\五子棋Ver3.0.write.1.tlog
